CREATE USER SA PASSWORD "" ADMIN
/*C1*/SET SCHEMA PUBLIC
CONNECT USER SA
/*C2*/SET SCHEMA PUBLIC
CONNECT USER SA
/*C3*/SET SCHEMA PUBLIC
CONNECT USER SA
/*C4*/SET SCHEMA PUBLIC
CONNECT USER SA
/*C5*/SET SCHEMA PUBLIC
CONNECT USER SA
/*C1*/drop table MESSAGES if exists
create table MESSAGES (MESSAGE_ID bigint generated by default as identity (start with 1), MESSAGE_TEXT varchar(255), NEXT_MESSAGE_ID bigint, primary key (MESSAGE_ID))
alter table MESSAGES add constraint FK131AF14C3CD7F3EA foreign key (NEXT_MESSAGE_ID) references MESSAGES
/*C5*/DISCONNECT
/*C3*/DISCONNECT
/*C2*/DISCONNECT
/*C1*/DISCONNECT
/*C4*/DISCONNECT
/*C6*/SET SCHEMA PUBLIC
CONNECT USER SA
/*C7*/SET SCHEMA PUBLIC
CONNECT USER SA
/*C8*/SET SCHEMA PUBLIC
CONNECT USER SA
/*C9*/SET SCHEMA PUBLIC
CONNECT USER SA
/*C10*/SET SCHEMA PUBLIC
CONNECT USER SA
/*C7*/SET AUTOCOMMIT FALSE
INSERT INTO MESSAGES VALUES(1,'Hello World with JPA',NULL)
COMMIT
SET AUTOCOMMIT TRUE
/*C8*/SET AUTOCOMMIT FALSE
SET AUTOCOMMIT TRUE
DISCONNECT
/*C6*/DISCONNECT
/*C7*/DISCONNECT
/*C9*/DISCONNECT
/*C10*/DISCONNECT
/*C11*/SET SCHEMA PUBLIC
CONNECT USER SA
DISCONNECT
